0 info it worked if it ends with ok
1 verbose cli [ '/usr/local/Cellar/node/7.5.0/bin/node',
1 verbose cli   '/usr/local/bin/npm',
1 verbose cli   'run',
1 verbose cli   'local' ]
2 info using npm@4.1.2
3 info using node@v7.5.0
4 verbose run-script [ 'prelocal', 'local', 'postlocal' ]
5 info lifecycle plugin@1.0.0~prelocal: plugin@1.0.0
6 silly lifecycle plugin@1.0.0~prelocal: no script for prelocal, continuing
7 info lifecycle plugin@1.0.0~local: plugin@1.0.0
8 verbose lifecycle plugin@1.0.0~local: unsafe-perm in lifecycle true
9 verbose lifecycle plugin@1.0.0~local: PATH: /usr/local/lib/node_modules/npm/bin/node-gyp-bin:/Users/John/Documents/BUSpring/EC528/LocationAware/node_modules/.bin:/opt/local/bin:/opt/local/sbin:/Users/John/anaconda/bin:/Library/Frameworks/Python.framework/Versions/3.4/bin:/usr/bin:/bin:/usr/sbin:/sbin:/usr/local/bin:/Library/TeX/texbin
10 verbose lifecycle plugin@1.0.0~local: CWD: /Users/John/Documents/BUSpring/EC528/LocationAware
11 silly lifecycle plugin@1.0.0~local: Args: [ '-c', 'node dist/test/scratch/local.js' ]
12 silly lifecycle plugin@1.0.0~local: Returned: code: 1  signal: null
13 info lifecycle plugin@1.0.0~local: Failed to exec local script
14 verbose stack Error: plugin@1.0.0 local: `node dist/test/scratch/local.js`
14 verbose stack Exit status 1
14 verbose stack     at EventEmitter.<anonymous> (/usr/local/lib/node_modules/npm/lib/utils/lifecycle.js:279:16)
14 verbose stack     at emitTwo (events.js:106:13)
14 verbose stack     at EventEmitter.emit (events.js:192:7)
14 verbose stack     at ChildProcess.<anonymous> (/usr/local/lib/node_modules/npm/lib/utils/spawn.js:40:14)
14 verbose stack     at emitTwo (events.js:106:13)
14 verbose stack     at ChildProcess.emit (events.js:192:7)
14 verbose stack     at maybeClose (internal/child_process.js:890:16)
14 verbose stack     at Process.ChildProcess._handle.onexit (internal/child_process.js:226:5)
15 verbose pkgid plugin@1.0.0
16 verbose cwd /Users/John/Documents/BUSpring/EC528/LocationAware/src
17 error Darwin 15.6.0
18 error argv "/usr/local/Cellar/node/7.5.0/bin/node" "/usr/local/bin/npm" "run" "local"
19 error node v7.5.0
20 error npm  v4.1.2
21 error code ELIFECYCLE
22 error plugin@1.0.0 local: `node dist/test/scratch/local.js`
22 error Exit status 1
23 error Failed at the plugin@1.0.0 local script 'node dist/test/scratch/local.js'.
23 error Make sure you have the latest version of node.js and npm installed.
23 error If you do, this is most likely a problem with the plugin package,
23 error not with npm itself.
23 error Tell the author that this fails on your system:
23 error     node dist/test/scratch/local.js
23 error You can get information on how to open an issue for this project with:
23 error     npm bugs plugin
23 error Or if that isn't available, you can get their info via:
23 error     npm owner ls plugin
23 error There is likely additional logging output above.
24 verbose exit [ 1, true ]
